[debug] [2025-06-22T06:30:10.146Z] ----------------------------------------------------------------------
[debug] [2025-06-22T06:30:10.149Z] Command:       /usr/local/share/nvm/versions/node/v22.16.0/bin/node /home/codespace/nvm/current/bin/firebase init
[debug] [2025-06-22T06:30:10.149Z] CLI Version:   14.8.0
[debug] [2025-06-22T06:30:10.150Z] Platform:      linux
[debug] [2025-06-22T06:30:10.150Z] Node Version:  v22.16.0
[debug] [2025-06-22T06:30:10.150Z] Time:          Sun Jun 22 2025 06:30:10 GMT+0000 (Coordinated Universal Time)
[debug] [2025-06-22T06:30:10.151Z] Env Overrides: GITHUB_API_URL, GITHUB_API_URL
[debug] [2025-06-22T06:30:10.151Z] ----------------------------------------------------------------------
[debug] 
[debug] [2025-06-22T06:30:10.904Z] > command requires scopes: ["email","openid","https://www.googleapis.com/auth/cloudplatformprojects.readonly","https://www.googleapis.com/auth/firebase","https://www.googleapis.com/auth/cloud-platform"]
[debug] [2025-06-22T06:30:10.904Z] > authorizing via signed-in user (rmc.ph4@gmail.com)
[info] 
     ######## #### ########  ######## ########     ###     ######  ########
     ##        ##  ##     ## ##       ##     ##  ##   ##  ##       ##
     ######    ##  ########  ######   ########  #########  ######  ######
     ##        ##  ##    ##  ##       ##     ## ##     ##       ## ##
     ##       #### ##     ## ######## ########  ##     ##  ######  ########

You're about to initialize a Firebase project in this directory:

  /workspaces/localmusiclessons

Before we get started, keep in mind:

  * You are currently outside your home directory
  * You are initializing within an existing Firebase project directory

[info] 
=== Project Setup
[info] 
[info] First, let's associate this project directory with a Firebase project.
[info] You can create multiple project aliases by running firebase use --add, 
[info] but for now we'll just set up a default project.
[info] 
[info] i  If you want to create a project in a Google Cloud organization or folder, please use "firebase projects:create" instead, and return to this command when you've created the project. 
[debug] [2025-06-22T06:31:33.313Z] Checked if tokens are valid: true, expires at: 1750577391988
[debug] [2025-06-22T06:31:33.314Z] Checked if tokens are valid: true, expires at: 1750577391988
[debug] [2025-06-22T06:31:33.315Z] >>> [apiv2][query] POST https://cloudresourcemanager.googleapis.com/v1/projects [none]
[debug] [2025-06-22T06:31:33.315Z] >>> [apiv2][body] POST https://cloudresourcemanager.googleapis.com/v1/projects {"projectId":"firebase projects:create","name":"localmusiclessons"}
[debug] [2025-06-22T06:31:33.488Z] <<< [apiv2][status] POST https://cloudresourcemanager.googleapis.com/v1/projects 400
[debug] [2025-06-22T06:31:33.489Z] <<< [apiv2][body] POST https://cloudresourcemanager.googleapis.com/v1/projects {"error":{"code":400,"message":"field [project_id] has issue [Cannot create domain prefixed projects]","status":"INVALID_ARGUMENT","details":[{"@type":"type.googleapis.com/google.rpc.BadRequest","fieldViolations":[{"field":"project_id","description":"Cannot create domain prefixed projects"}]},{"@type":"type.googleapis.com/google.rpc.Help","links":[{"url":"https://cloud.google.com/resource-manager/reference/rest/v1/projects"}]}]}}
[debug] [2025-06-22T06:31:33.524Z] FirebaseError: Request to https://cloudresourcemanager.googleapis.com/v1/projects had HTTP Error: 400, field [project_id] has issue [Cannot create domain prefixed projects]
    at responseToError (/usr/local/share/nvm/versions/node/v22.16.0/lib/node_modules/firebase-tools/lib/responseToError.js:52:12)
    at RetryOperation._fn (/usr/local/share/nvm/versions/node/v22.16.0/lib/node_modules/firebase-tools/lib/apiv2.js:312:77)
    at process.processTicksAndRejections (node:internal/process/task_queues:105:5)
[error] 
[error] Error: Failed to create project. See firebase-debug.log for more info.
